<?xml version="1.0" encoding="UTF-8"?>
<!-- Generated by org.testng.reporters.JUnitXMLReporter -->
<testsuite ignored="0" hostname="DESKTOP-1EKAV2N" failures="0" tests="7" name="Yatra App Test Cases" time="0.598" errors="0" timestamp="2021-07-04T18:53:56 IST">
  <testcase classname="com.yatra.qa.testcases.WelcomePageTest" name="@BeforeMethod setup" time="0.097">
    <failure type="java.lang.NullPointerException" message="Cannot invoke &amp;quot;String.contains(java.lang.CharSequence)&amp;quot; because &amp;quot;browsername&amp;quot; is null">
      <![CDATA[java.lang.NullPointerException: Cannot invoke "String.contains(java.lang.CharSequence)" because "browsername" is null
at com.yatra.qa.base.TestBase.initialization(TestBase.java:52)
at com.yatra.qa.testcases.WelcomePageTest.setup(WelcomePageTest.java:25)
at java.base/java.util.ArrayList.forEach(ArrayList.java:1511)
... Removed 31 stack frames]]>
    </failure>
  </testcase> <!-- @BeforeMethod setup -->
  <testcase classname="com.yatra.qa.testcases.WelcomePageTest" name="@AfterMethod tearDown" time="-1.625405035436E9">
    <skipped/>
  </testcase> <!-- @AfterMethod tearDown -->
  <testcase classname="com.yatra.qa.testcases.WelcomePageTest" name="@BeforeMethod setup" time="-1.625405035444E9">
    <skipped/>
  </testcase> <!-- @BeforeMethod setup -->
  <testcase classname="com.yatra.qa.testcases.WelcomePageTest" name="@AfterMethod tearDown" time="-1.625405035458E9">
    <skipped/>
  </testcase> <!-- @AfterMethod tearDown -->
  <testcase classname="com.yatra.qa.testcases.WelcomePageTest" name="@BeforeMethod setup" time="-1.625405035463E9">
    <skipped/>
  </testcase> <!-- @BeforeMethod setup -->
  <testcase classname="com.yatra.qa.testcases.WelcomePageTest" name="@AfterMethod tearDown" time="-1.625405035472E9">
    <skipped/>
  </testcase> <!-- @AfterMethod tearDown -->
  <testcase classname="com.yatra.qa.testcases.LoginPageTest" name="@BeforeMethod setup" time="0.001">
    <failure type="java.lang.NullPointerException" message="Cannot invoke &amp;quot;String.contains(java.lang.CharSequence)&amp;quot; because &amp;quot;browsername&amp;quot; is null">
      <![CDATA[java.lang.NullPointerException: Cannot invoke "String.contains(java.lang.CharSequence)" because "browsername" is null
at com.yatra.qa.base.TestBase.initialization(TestBase.java:52)
at com.yatra.qa.testcases.LoginPageTest.setup(LoginPageTest.java:27)
at java.base/java.util.ArrayList.forEach(ArrayList.java:1511)
... Removed 31 stack frames]]>
    </failure>
  </testcase> <!-- @BeforeMethod setup -->
  <testcase classname="com.yatra.qa.testcases.LoginPageTest" name="@AfterMethod tearDown" time="-1.625405035494E9">
    <skipped/>
  </testcase> <!-- @AfterMethod tearDown -->
  <testcase classname="com.yatra.qa.testcases.LoginPageTest" name="@BeforeMethod setup" time="-1.625405035498E9">
    <skipped/>
  </testcase> <!-- @BeforeMethod setup -->
  <testcase classname="com.yatra.qa.testcases.LoginPageTest" name="@AfterMethod tearDown" time="-1.625405035507E9">
    <skipped/>
  </testcase> <!-- @AfterMethod tearDown -->
  <testcase classname="com.yatra.qa.testcases.LoginPageTest" name="@BeforeMethod setup" time="-1.62540503551E9">
    <skipped/>
  </testcase> <!-- @BeforeMethod setup -->
  <testcase classname="com.yatra.qa.testcases.LoginPageTest" name="@AfterMethod tearDown" time="-1.625405035523E9">
    <skipped/>
  </testcase> <!-- @AfterMethod tearDown -->
  <testcase classname="com.yatra.qa.testcases.HomePageTest" name="@BeforeMethod setup" time="0.0">
    <failure type="java.lang.NullPointerException" message="Cannot invoke &amp;quot;String.contains(java.lang.CharSequence)&amp;quot; because &amp;quot;browsername&amp;quot; is null">
      <![CDATA[java.lang.NullPointerException: Cannot invoke "String.contains(java.lang.CharSequence)" because "browsername" is null
at com.yatra.qa.base.TestBase.initialization(TestBase.java:52)
at com.yatra.qa.testcases.HomePageTest.setup(HomePageTest.java:29)
at java.base/java.util.ArrayList.forEach(ArrayList.java:1511)
... Removed 31 stack frames]]>
    </failure>
  </testcase> <!-- @BeforeMethod setup -->
  <testcase classname="com.yatra.qa.testcases.HomePageTest" name="@AfterMethod tearDown" time="-1.625405035538E9">
    <skipped/>
  </testcase> <!-- @AfterMethod tearDown -->
  <testcase classname="com.yatra.qa.testcases.WelcomePageTest" name="welcomePageTitleTest" time="0.0">
    <skipped/>
  </testcase> <!-- welcomePageTitleTest -->
  <testcase classname="com.yatra.qa.testcases.WelcomePageTest" name="welcomePageLogoTest" time="0.0">
    <skipped/>
  </testcase> <!-- welcomePageLogoTest -->
  <testcase classname="com.yatra.qa.testcases.WelcomePageTest" name="navigateToLoginPageTest" time="0.0">
    <skipped/>
  </testcase> <!-- navigateToLoginPageTest -->
  <testcase classname="com.yatra.qa.testcases.LoginPageTest" name="loginPageHeaderTest" time="0.0">
    <skipped/>
  </testcase> <!-- loginPageHeaderTest -->
  <testcase classname="com.yatra.qa.testcases.LoginPageTest" name="loginTest" time="0.0">
    <skipped/>
  </testcase> <!-- loginTest -->
  <testcase classname="com.yatra.qa.testcases.LoginPageTest" name="usernameTest" time="0.0">
    <skipped/>
  </testcase> <!-- usernameTest -->
  <testcase classname="com.yatra.qa.testcases.HomePageTest" name="searchFlightTest" time="0.0">
    <skipped/>
  </testcase> <!-- searchFlightTest -->
</testsuite> <!-- Yatra App Test Cases -->
